[ 2016-09-06T20:16:06+08:00 ] ::1 /MyBlog/
INFO: [ app_init ] --START--
INFO: Run Behavior\BuildLiteBehavior [ RunTime:0.000075s ]
INFO: [ app_init ] --END-- [ RunTime:0.009477s ]
INFO: [ app_begin ] --START--
INFO: Run Behavior\ReadHtmlCacheBehavior [ RunTime:0.002138s ]
INFO: [ app_begin ] --END-- [ RunTime:0.002803s ]
ERR: SQLSTATE[HY000] [1049] Unknown database 'thinkphp'

[ 2016-09-06T20:26:51+08:00 ] ::1 /MyBlog/
INFO: [ app_init ] --START--
INFO: Run Behavior\BuildLiteBehavior [ RunTime:0.000074s ]
INFO: [ app_init ] --END-- [ RunTime:0.001570s ]
INFO: [ app_begin ] --START--
INFO: Run Behavior\ReadHtmlCacheBehavior [ RunTime:0.001481s ]
INFO: [ app_begin ] --END-- [ RunTime:0.001853s ]
INFO: [ view_parse ] --START--
INFO: [ template_filter ] --START--
INFO: Run Behavior\ContentReplaceBehavior [ RunTime:0.024070s ]
INFO: [ template_filter ] --END-- [ RunTime:0.024520s ]
INFO: Run Behavior\ParseTemplateBehavior [ RunTime:0.098945s ]
INFO: [ view_parse ] --END-- [ RunTime:0.099454s ]
INFO: [ view_filter ] --START--
INFO: Run Behavior\WriteHtmlCacheBehavior [ RunTime:0.001300s ]
INFO: [ view_filter ] --END-- [ RunTime:0.001747s ]
INFO: [ app_end ] --START--
INFO: Run Behavior\ShowPageTraceBehavior [ RunTime:0.001881s ]
INFO: [ app_end ] --END-- [ RunTime:0.002492s ]

[ 2016-09-06T20:28:06+08:00 ] ::1 /MyBlog/
INFO: [ app_init ] --START--
INFO: Run Behavior\BuildLiteBehavior [ RunTime:0.000055s ]
INFO: [ app_init ] --END-- [ RunTime:0.000747s ]
INFO: [ app_begin ] --START--
INFO: Run Behavior\ReadHtmlCacheBehavior [ RunTime:0.000834s ]
INFO: [ app_begin ] --END-- [ RunTime:0.001088s ]
INFO: [ view_parse ] --START--
INFO: [ template_filter ] --START--
INFO: Run Behavior\ContentReplaceBehavior [ RunTime:0.000295s ]
INFO: [ template_filter ] --END-- [ RunTime:0.000588s ]
INFO: Run Behavior\ParseTemplateBehavior [ RunTime:0.020799s ]
INFO: [ view_parse ] --END-- [ RunTime:0.021111s ]
INFO: [ view_filter ] --START--
INFO: Run Behavior\WriteHtmlCacheBehavior [ RunTime:0.000715s ]
INFO: [ view_filter ] --END-- [ RunTime:0.000986s ]
INFO: [ app_end ] --START--
INFO: Run Behavior\ShowPageTraceBehavior [ RunTime:0.001168s ]
INFO: [ app_end ] --END-- [ RunTime:0.001523s ]

[ 2016-09-06T20:31:12+08:00 ] ::1 /MyBlog/
INFO: [ app_init ] --START--
INFO: Run Behavior\BuildLiteBehavior [ RunTime:0.000056s ]
INFO: [ app_init ] --END-- [ RunTime:0.000790s ]
INFO: [ app_begin ] --START--
INFO: Run Behavior\ReadHtmlCacheBehavior [ RunTime:0.002756s ]
INFO: [ app_begin ] --END-- [ RunTime:0.003062s ]
INFO: [ view_parse ] --START--
INFO: [ template_filter ] --START--
INFO: Run Behavior\ContentReplaceBehavior [ RunTime:0.000289s ]
INFO: [ template_filter ] --END-- [ RunTime:0.000624s ]
INFO: Run Behavior\ParseTemplateBehavior [ RunTime:0.025132s ]
INFO: [ view_parse ] --END-- [ RunTime:0.025424s ]
INFO: [ view_filter ] --START--
INFO: Run Behavior\WriteHtmlCacheBehavior [ RunTime:0.000820s ]
INFO: [ view_filter ] --END-- [ RunTime:0.001195s ]
INFO: [ app_end ] --START--
INFO: Run Behavior\ShowPageTraceBehavior [ RunTime:0.000930s ]
INFO: [ app_end ] --END-- [ RunTime:0.001204s ]

[ 2016-09-06T20:32:34+08:00 ] ::1 /MyBlog/
INFO: [ app_init ] --START--
INFO: Run Behavior\BuildLiteBehavior [ RunTime:0.000089s ]
INFO: [ app_init ] --END-- [ RunTime:0.001471s ]
INFO: [ app_begin ] --START--
INFO: Run Behavior\ReadHtmlCacheBehavior [ RunTime:0.001763s ]
INFO: [ app_begin ] --END-- [ RunTime:0.002266s ]
INFO: [ view_parse ] --START--
INFO: [ template_filter ] --START--
INFO: Run Behavior\ContentReplaceBehavior [ RunTime:0.000508s ]
INFO: [ template_filter ] --END-- [ RunTime:0.000994s ]
INFO: Run Behavior\ParseTemplateBehavior [ RunTime:0.075682s ]
INFO: [ view_parse ] --END-- [ RunTime:0.076215s ]
INFO: [ view_filter ] --START--
INFO: Run Behavior\WriteHtmlCacheBehavior [ RunTime:0.000986s ]
INFO: [ view_filter ] --END-- [ RunTime:0.001460s ]
INFO: [ app_end ] --START--
INFO: Run Behavior\ShowPageTraceBehavior [ RunTime:0.002077s ]
INFO: [ app_end ] --END-- [ RunTime:0.002707s ]

[ 2016-09-06T20:47:07+08:00 ] ::1 /myblog/
INFO: [ app_init ] --START--
INFO: Run Behavior\BuildLiteBehavior [ RunTime:0.000134s ]
INFO: [ app_init ] --END-- [ RunTime:0.001754s ]
INFO: [ app_begin ] --START--
INFO: Run Behavior\ReadHtmlCacheBehavior [ RunTime:0.003043s ]
INFO: [ app_begin ] --END-- [ RunTime:0.003454s ]
INFO: [ view_parse ] --START--
INFO: [ template_filter ] --START--
INFO: Run Behavior\ContentReplaceBehavior [ RunTime:0.000437s ]
INFO: [ template_filter ] --END-- [ RunTime:0.000943s ]
INFO: Run Behavior\ParseTemplateBehavior [ RunTime:0.054222s ]
INFO: [ view_parse ] --END-- [ RunTime:0.055513s ]
INFO: [ view_filter ] --START--
INFO: Run Behavior\WriteHtmlCacheBehavior [ RunTime:0.001726s ]
INFO: [ view_filter ] --END-- [ RunTime:0.002315s ]
INFO: [ app_end ] --START--
INFO: Run Behavior\ShowPageTraceBehavior [ RunTime:0.003133s ]
INFO: [ app_end ] --END-- [ RunTime:0.003916s ]

[ 2016-09-06T22:20:02+08:00 ] ::1 /myblog/
INFO: [ app_init ] --START--
INFO: Run Behavior\BuildLiteBehavior [ RunTime:0.000129s ]
INFO: [ app_init ] --END-- [ RunTime:0.009516s ]
INFO: [ app_begin ] --START--
INFO: Run Behavior\ReadHtmlCacheBehavior [ RunTime:0.017143s ]
INFO: [ app_begin ] --END-- [ RunTime:0.017714s ]
INFO: [ view_parse ] --START--
INFO: [ template_filter ] --START--
INFO: Run Behavior\ContentReplaceBehavior [ RunTime:0.000747s ]
INFO: [ template_filter ] --END-- [ RunTime:0.001482s ]
INFO: Run Behavior\ParseTemplateBehavior [ RunTime:0.125592s ]
INFO: [ view_parse ] --END-- [ RunTime:0.126128s ]
INFO: [ view_filter ] --START--
INFO: Run Behavior\WriteHtmlCacheBehavior [ RunTime:0.014005s ]
INFO: [ view_filter ] --END-- [ RunTime:0.014353s ]
INFO: [ app_end ] --START--
INFO: Run Behavior\ShowPageTraceBehavior [ RunTime:0.021474s ]
INFO: [ app_end ] --END-- [ RunTime:0.022105s ]

[ 2016-09-06T22:32:02+08:00 ] ::1 /myblog/
INFO: [ app_init ] --START--
INFO: Run Behavior\BuildLiteBehavior [ RunTime:0.000147s ]
INFO: [ app_init ] --END-- [ RunTime:0.003022s ]
INFO: [ app_begin ] --START--
INFO: Run Behavior\ReadHtmlCacheBehavior [ RunTime:0.002769s ]
INFO: [ app_begin ] --END-- [ RunTime:0.003454s ]
ERR: 1146:Table 'blog.article_list' doesn't exist
 [ SQL语句 ] : SHOW COLUMNS FROM `article_list`
ERR: 1146:Table 'blog.article_list' doesn't exist
 [ SQL语句 ] : SHOW COLUMNS FROM `article_list`

[ 2016-09-06T22:33:25+08:00 ] ::1 /myblog/
INFO: [ app_init ] --START--
INFO: Run Behavior\BuildLiteBehavior [ RunTime:0.000078s ]
INFO: [ app_init ] --END-- [ RunTime:0.002251s ]
INFO: [ app_begin ] --START--
INFO: Run Behavior\ReadHtmlCacheBehavior [ RunTime:0.003410s ]
INFO: [ app_begin ] --END-- [ RunTime:0.004266s ]
ERR: 1146:Table '1.article_list' doesn't exist
 [ SQL语句 ] : SHOW COLUMNS FROM `1`.`article_list`
ERR: 1146:Table '1.article_list' doesn't exist
 [ SQL语句 ] : SHOW COLUMNS FROM `1`.`article_list`

[ 2016-09-06T22:33:42+08:00 ] ::1 /myblog/
INFO: [ app_init ] --START--
INFO: Run Behavior\BuildLiteBehavior [ RunTime:0.000122s ]
INFO: [ app_init ] --END-- [ RunTime:0.001900s ]
INFO: [ app_begin ] --START--
INFO: Run Behavior\ReadHtmlCacheBehavior [ RunTime:0.002830s ]
INFO: [ app_begin ] --END-- [ RunTime:0.003628s ]
ERR: 1146:Table 'blog.article_list' doesn't exist
 [ SQL语句 ] : SHOW COLUMNS FROM `article_list`
ERR: 1146:Table 'blog.article_list' doesn't exist
 [ SQL语句 ] : SHOW COLUMNS FROM `article_list`

[ 2016-09-06T22:38:35+08:00 ] ::1 /myblog/
INFO: [ app_init ] --START--
INFO: Run Behavior\BuildLiteBehavior [ RunTime:0.000120s ]
INFO: [ app_init ] --END-- [ RunTime:0.001691s ]
INFO: [ app_begin ] --START--
INFO: Run Behavior\ReadHtmlCacheBehavior [ RunTime:0.002523s ]
INFO: [ app_begin ] --END-- [ RunTime:0.002885s ]
ERR: 1103:Incorrect table name ''
 [ SQL语句 ] : SHOW COLUMNS FROM `1`.``
ERR: 1103:Incorrect table name ''
 [ SQL语句 ] : SHOW COLUMNS FROM `1`.``

[ 2016-09-06T22:38:52+08:00 ] ::1 /myblog/
INFO: [ app_init ] --START--
INFO: Run Behavior\BuildLiteBehavior [ RunTime:0.000074s ]
INFO: [ app_init ] --END-- [ RunTime:0.001553s ]
INFO: [ app_begin ] --START--
INFO: Run Behavior\ReadHtmlCacheBehavior [ RunTime:0.002435s ]
INFO: [ app_begin ] --END-- [ RunTime:0.002966s ]
ERR: 1146:Table 'blog.article_list' doesn't exist
 [ SQL语句 ] : SHOW COLUMNS FROM `article_list`
ERR: 1146:Table 'blog.article_list' doesn't exist
 [ SQL语句 ] : SHOW COLUMNS FROM `article_list`

[ 2016-09-06T22:50:47+08:00 ] ::1 /myblog/
INFO: [ app_init ] --START--
INFO: Run Behavior\BuildLiteBehavior [ RunTime:0.000073s ]
INFO: [ app_init ] --END-- [ RunTime:0.001597s ]
INFO: [ app_begin ] --START--
INFO: Run Behavior\ReadHtmlCacheBehavior [ RunTime:0.003276s ]
INFO: [ app_begin ] --END-- [ RunTime:0.003951s ]
SQL: SHOW COLUMNS FROM `article_list` [ RunTime:0.0207s ]
SQL: SELECT * FROM `article_list` WHERE `id` = 1 LIMIT 1   [ RunTime:0.0098s ]
INFO: [ view_parse ] --START--
INFO: [ template_filter ] --START--
INFO: Run Behavior\ContentReplaceBehavior [ RunTime:0.000425s ]
INFO: [ template_filter ] --END-- [ RunTime:0.000832s ]
INFO: Run Behavior\ParseTemplateBehavior [ RunTime:0.048057s ]
INFO: [ view_parse ] --END-- [ RunTime:0.048575s ]
INFO: [ view_filter ] --START--
INFO: Run Behavior\WriteHtmlCacheBehavior [ RunTime:0.001706s ]
INFO: [ view_filter ] --END-- [ RunTime:0.002028s ]
INFO: [ app_end ] --START--
INFO: Run Behavior\ShowPageTraceBehavior [ RunTime:0.003446s ]
INFO: [ app_end ] --END-- [ RunTime:0.003981s ]

[ 2016-09-06T22:53:02+08:00 ] ::1 /myblog/
INFO: [ app_init ] --START--
INFO: Run Behavior\BuildLiteBehavior [ RunTime:0.000054s ]
INFO: [ app_init ] --END-- [ RunTime:0.001061s ]
INFO: [ app_begin ] --START--
INFO: Run Behavior\ReadHtmlCacheBehavior [ RunTime:0.001415s ]
INFO: [ app_begin ] --END-- [ RunTime:0.001698s ]
SQL: SHOW COLUMNS FROM `article_list` [ RunTime:0.0505s ]
SQL: SELECT * FROM `article_list` WHERE `id` = 1 LIMIT 1   [ RunTime:0.0006s ]
INFO: [ view_parse ] --START--
INFO: [ template_filter ] --START--
INFO: Run Behavior\ContentReplaceBehavior [ RunTime:0.000274s ]
INFO: [ template_filter ] --END-- [ RunTime:0.000802s ]
INFO: Run Behavior\ParseTemplateBehavior [ RunTime:0.025513s ]
INFO: [ view_parse ] --END-- [ RunTime:0.025800s ]
INFO: [ view_filter ] --START--
INFO: Run Behavior\WriteHtmlCacheBehavior [ RunTime:0.001064s ]
INFO: [ view_filter ] --END-- [ RunTime:0.001325s ]
INFO: [ app_end ] --START--
INFO: Run Behavior\ShowPageTraceBehavior [ RunTime:0.001571s ]
INFO: [ app_end ] --END-- [ RunTime:0.001869s ]

[ 2016-09-06T23:05:36+08:00 ] ::1 /myblog/
INFO: [ app_init ] --START--
INFO: Run Behavior\BuildLiteBehavior [ RunTime:0.000092s ]
INFO: [ app_init ] --END-- [ RunTime:0.001697s ]
INFO: [ app_begin ] --START--
INFO: Run Behavior\ReadHtmlCacheBehavior [ RunTime:0.004905s ]
INFO: [ app_begin ] --END-- [ RunTime:0.005422s ]
SQL: SHOW COLUMNS FROM `article_list` [ RunTime:0.0172s ]
SQL: SELECT * FROM `article_list` WHERE `id` = 1 LIMIT 1   [ RunTime:0.0009s ]
INFO: [ view_parse ] --START--
INFO: [ template_filter ] --START--
INFO: Run Behavior\ContentReplaceBehavior [ RunTime:0.000434s ]
INFO: [ template_filter ] --END-- [ RunTime:0.000865s ]
INFO: Run Behavior\ParseTemplateBehavior [ RunTime:0.043632s ]
INFO: [ view_parse ] --END-- [ RunTime:0.044137s ]
INFO: [ view_filter ] --START--
INFO: Run Behavior\WriteHtmlCacheBehavior [ RunTime:0.002179s ]
INFO: [ view_filter ] --END-- [ RunTime:0.002673s ]
INFO: [ app_end ] --START--
INFO: Run Behavior\ShowPageTraceBehavior [ RunTime:0.002284s ]
INFO: [ app_end ] --END-- [ RunTime:0.002723s ]

