[ 2016-10-03T09:57:25+08:00 ] ::1 /myblog/index.php/Home/Workday/index.html
INFO: [ app_init ] --START--
INFO: Run Behavior\BuildLiteBehavior [ RunTime:0.000125s ]
INFO: [ app_init ] --END-- [ RunTime:0.002343s ]
INFO: [ app_begin ] --START--
INFO: Run Behavior\ReadHtmlCacheBehavior [ RunTime:0.002458s ]
INFO: [ app_begin ] --END-- [ RunTime:0.003414s ]
SQL: SHOW COLUMNS FROM `article_list` [ RunTime:0.0290s ]
SQL: SELECT * FROM `article_list` WHERE `id` = 1 LIMIT 1   [ RunTime:0.0010s ]
INFO: [ view_parse ] --START--
INFO: [ template_filter ] --START--
INFO: Run Behavior\ContentReplaceBehavior [ RunTime:0.000645s ]
INFO: [ template_filter ] --END-- [ RunTime:0.001532s ]
INFO: Run Behavior\ParseTemplateBehavior [ RunTime:0.054603s ]
INFO: [ view_parse ] --END-- [ RunTime:0.055110s ]
INFO: [ view_filter ] --START--
INFO: Run Behavior\WriteHtmlCacheBehavior [ RunTime:0.001181s ]
INFO: [ view_filter ] --END-- [ RunTime:0.001681s ]
INFO: [ app_end ] --START--
INFO: Run Behavior\ShowPageTraceBehavior [ RunTime:0.003119s ]
INFO: [ app_end ] --END-- [ RunTime:0.003710s ]

[ 2016-10-03T09:57:29+08:00 ] ::1 /myblog/index.php/Home/Example/index.html
INFO: [ app_init ] --START--
INFO: Run Behavior\BuildLiteBehavior [ RunTime:0.000131s ]
INFO: [ app_init ] --END-- [ RunTime:0.001889s ]
INFO: [ app_begin ] --START--
INFO: Run Behavior\ReadHtmlCacheBehavior [ RunTime:0.005167s ]
INFO: [ app_begin ] --END-- [ RunTime:0.007093s ]
SQL: SHOW COLUMNS FROM `article_list` [ RunTime:0.0255s ]
SQL: SELECT * FROM `article_list` WHERE `id` = 1 LIMIT 1   [ RunTime:0.0011s ]
INFO: [ view_parse ] --START--
INFO: [ template_filter ] --START--
INFO: Run Behavior\ContentReplaceBehavior [ RunTime:0.000519s ]
INFO: [ template_filter ] --END-- [ RunTime:0.001207s ]
INFO: Run Behavior\ParseTemplateBehavior [ RunTime:0.058421s ]
INFO: [ view_parse ] --END-- [ RunTime:0.059113s ]
INFO: [ view_filter ] --START--
INFO: Run Behavior\WriteHtmlCacheBehavior [ RunTime:0.001374s ]
INFO: [ view_filter ] --END-- [ RunTime:0.001957s ]
INFO: [ app_end ] --START--
INFO: Run Behavior\ShowPageTraceBehavior [ RunTime:0.002783s ]
INFO: [ app_end ] --END-- [ RunTime:0.003313s ]

[ 2016-10-03T09:57:33+08:00 ] ::1 /myblog/index.php/Home/List/index.html
INFO: [ app_init ] --START--
INFO: Run Behavior\BuildLiteBehavior [ RunTime:0.000200s ]
INFO: [ app_init ] --END-- [ RunTime:0.001605s ]
INFO: [ app_begin ] --START--
INFO: Run Behavior\ReadHtmlCacheBehavior [ RunTime:0.003502s ]
INFO: [ app_begin ] --END-- [ RunTime:0.004050s ]
SQL: SHOW COLUMNS FROM `article_list` [ RunTime:0.0224s ]
SQL: SELECT * FROM `article_list` WHERE `id` = 1 LIMIT 1   [ RunTime:0.0010s ]
INFO: [ view_parse ] --START--
INFO: [ template_filter ] --START--
INFO: Run Behavior\ContentReplaceBehavior [ RunTime:0.000695s ]
INFO: [ template_filter ] --END-- [ RunTime:0.001303s ]
INFO: Run Behavior\ParseTemplateBehavior [ RunTime:0.048777s ]
INFO: [ view_parse ] --END-- [ RunTime:0.049367s ]
INFO: [ view_filter ] --START--
INFO: Run Behavior\WriteHtmlCacheBehavior [ RunTime:0.001024s ]
INFO: [ view_filter ] --END-- [ RunTime:0.001541s ]
INFO: [ app_end ] --START--
INFO: Run Behavior\ShowPageTraceBehavior [ RunTime:0.003848s ]
INFO: [ app_end ] --END-- [ RunTime:0.004502s ]

[ 2016-10-03T09:57:38+08:00 ] ::1 /myblog/index.php/Home/Index/index.html
INFO: [ app_init ] --START--
INFO: Run Behavior\BuildLiteBehavior [ RunTime:0.000130s ]
INFO: [ app_init ] --END-- [ RunTime:0.002310s ]
INFO: [ app_begin ] --START--
INFO: Run Behavior\ReadHtmlCacheBehavior [ RunTime:0.001749s ]
INFO: [ app_begin ] --END-- [ RunTime:0.002371s ]
SQL: SHOW COLUMNS FROM `article_list` [ RunTime:0.0223s ]
SQL: SELECT * FROM `article_list` WHERE `id` = 1 LIMIT 1   [ RunTime:0.0014s ]
INFO: [ view_parse ] --START--
INFO: [ template_filter ] --START--
INFO: Run Behavior\ContentReplaceBehavior [ RunTime:0.001283s ]
INFO: [ template_filter ] --END-- [ RunTime:0.002119s ]
INFO: Run Behavior\ParseTemplateBehavior [ RunTime:0.062325s ]
INFO: [ view_parse ] --END-- [ RunTime:0.062980s ]
INFO: [ view_filter ] --START--
INFO: Run Behavior\WriteHtmlCacheBehavior [ RunTime:0.000842s ]
INFO: [ view_filter ] --END-- [ RunTime:0.001174s ]
INFO: [ app_end ] --START--
INFO: Run Behavior\ShowPageTraceBehavior [ RunTime:0.002262s ]
INFO: [ app_end ] --END-- [ RunTime:0.004511s ]

[ 2016-10-03T09:59:21+08:00 ] ::1 /myblog/index.php/Home/Index/index.html
INFO: [ app_init ] --START--
INFO: Run Behavior\BuildLiteBehavior [ RunTime:0.000125s ]
INFO: [ app_init ] --END-- [ RunTime:0.001729s ]
INFO: [ app_begin ] --START--
INFO: Run Behavior\ReadHtmlCacheBehavior [ RunTime:0.001188s ]
INFO: [ app_begin ] --END-- [ RunTime:0.001558s ]
SQL: SHOW COLUMNS FROM `article_list` [ RunTime:0.0246s ]
SQL: SELECT * FROM `article_list` WHERE `id` = 1 LIMIT 1   [ RunTime:0.0014s ]
INFO: [ view_parse ] --START--
INFO: [ template_filter ] --START--
INFO: Run Behavior\ContentReplaceBehavior [ RunTime:0.000539s ]
INFO: [ template_filter ] --END-- [ RunTime:0.000921s ]
INFO: Run Behavior\ParseTemplateBehavior [ RunTime:0.051178s ]
INFO: [ view_parse ] --END-- [ RunTime:0.051850s ]
INFO: [ view_filter ] --START--
INFO: Run Behavior\WriteHtmlCacheBehavior [ RunTime:0.001074s ]
INFO: [ view_filter ] --END-- [ RunTime:0.001682s ]
INFO: [ app_end ] --START--
INFO: Run Behavior\ShowPageTraceBehavior [ RunTime:0.002384s ]
INFO: [ app_end ] --END-- [ RunTime:0.003269s ]

[ 2016-10-03T09:59:28+08:00 ] ::1 /myblog/index.php/Home/List/index.html
INFO: [ app_init ] --START--
INFO: Run Behavior\BuildLiteBehavior [ RunTime:0.000186s ]
INFO: [ app_init ] --END-- [ RunTime:0.002352s ]
INFO: [ app_begin ] --START--
INFO: Run Behavior\ReadHtmlCacheBehavior [ RunTime:0.002570s ]
INFO: [ app_begin ] --END-- [ RunTime:0.003513s ]
SQL: SHOW COLUMNS FROM `article_list` [ RunTime:0.0273s ]
SQL: SELECT * FROM `article_list` WHERE `id` = 1 LIMIT 1   [ RunTime:0.0017s ]
INFO: [ view_parse ] --START--
INFO: [ template_filter ] --START--
INFO: Run Behavior\ContentReplaceBehavior [ RunTime:0.000781s ]
INFO: [ template_filter ] --END-- [ RunTime:0.001696s ]
INFO: Run Behavior\ParseTemplateBehavior [ RunTime:0.061103s ]
INFO: [ view_parse ] --END-- [ RunTime:0.061485s ]
INFO: [ view_filter ] --START--
INFO: Run Behavior\WriteHtmlCacheBehavior [ RunTime:0.001140s ]
INFO: [ view_filter ] --END-- [ RunTime:0.001468s ]
INFO: [ app_end ] --START--
INFO: Run Behavior\ShowPageTraceBehavior [ RunTime:0.002686s ]
INFO: [ app_end ] --END-- [ RunTime:0.004173s ]

[ 2016-10-03T09:59:31+08:00 ] ::1 /myblog/index.php/Home/Example/index.html
INFO: [ app_init ] --START--
INFO: Run Behavior\BuildLiteBehavior [ RunTime:0.000125s ]
INFO: [ app_init ] --END-- [ RunTime:0.001780s ]
INFO: [ app_begin ] --START--
INFO: Run Behavior\ReadHtmlCacheBehavior [ RunTime:0.001473s ]
INFO: [ app_begin ] --END-- [ RunTime:0.001975s ]
SQL: SHOW COLUMNS FROM `article_list` [ RunTime:0.0253s ]
SQL: SELECT * FROM `article_list` WHERE `id` = 1 LIMIT 1   [ RunTime:0.0012s ]
INFO: [ view_parse ] --START--
INFO: [ template_filter ] --START--
INFO: Run Behavior\ContentReplaceBehavior [ RunTime:0.000355s ]
INFO: [ template_filter ] --END-- [ RunTime:0.000730s ]
INFO: Run Behavior\ParseTemplateBehavior [ RunTime:0.052554s ]
INFO: [ view_parse ] --END-- [ RunTime:0.053048s ]
INFO: [ view_filter ] --START--
INFO: Run Behavior\WriteHtmlCacheBehavior [ RunTime:0.000791s ]
INFO: [ view_filter ] --END-- [ RunTime:0.001151s ]
INFO: [ app_end ] --START--
INFO: Run Behavior\ShowPageTraceBehavior [ RunTime:0.005164s ]
INFO: [ app_end ] --END-- [ RunTime:0.005942s ]

[ 2016-10-03T09:59:37+08:00 ] ::1 /myblog/index.php/Home/Workday/index.html
INFO: [ app_init ] --START--
INFO: Run Behavior\BuildLiteBehavior [ RunTime:0.000076s ]
INFO: [ app_init ] --END-- [ RunTime:0.001596s ]
INFO: [ app_begin ] --START--
INFO: Run Behavior\ReadHtmlCacheBehavior [ RunTime:0.002157s ]
INFO: [ app_begin ] --END-- [ RunTime:0.002795s ]
SQL: SHOW COLUMNS FROM `article_list` [ RunTime:0.0251s ]
SQL: SELECT * FROM `article_list` WHERE `id` = 1 LIMIT 1   [ RunTime:0.0015s ]
INFO: [ view_parse ] --START--
INFO: [ template_filter ] --START--
INFO: Run Behavior\ContentReplaceBehavior [ RunTime:0.000592s ]
INFO: [ template_filter ] --END-- [ RunTime:0.001285s ]
INFO: Run Behavior\ParseTemplateBehavior [ RunTime:0.059693s ]
INFO: [ view_parse ] --END-- [ RunTime:0.060217s ]
INFO: [ view_filter ] --START--
INFO: Run Behavior\WriteHtmlCacheBehavior [ RunTime:0.000651s ]
INFO: [ view_filter ] --END-- [ RunTime:0.000975s ]
INFO: [ app_end ] --START--
INFO: Run Behavior\ShowPageTraceBehavior [ RunTime:0.002413s ]
INFO: [ app_end ] --END-- [ RunTime:0.003133s ]

[ 2016-10-03T09:59:42+08:00 ] ::1 /myblog/index.php/Home/Me/index.html
INFO: [ app_init ] --START--
INFO: Run Behavior\BuildLiteBehavior [ RunTime:0.000075s ]
INFO: [ app_init ] --END-- [ RunTime:0.001191s ]
INFO: [ app_begin ] --START--
INFO: Run Behavior\ReadHtmlCacheBehavior [ RunTime:0.001685s ]
INFO: [ app_begin ] --END-- [ RunTime:0.002305s ]
SQL: SHOW COLUMNS FROM `article_list` [ RunTime:0.0251s ]
SQL: SELECT * FROM `article_list` WHERE `id` = 1 LIMIT 1   [ RunTime:0.0012s ]
INFO: [ view_parse ] --START--
INFO: [ template_filter ] --START--
INFO: Run Behavior\ContentReplaceBehavior [ RunTime:0.000600s ]
INFO: [ template_filter ] --END-- [ RunTime:0.001329s ]
INFO: Run Behavior\ParseTemplateBehavior [ RunTime:0.058016s ]
INFO: [ view_parse ] --END-- [ RunTime:0.058713s ]
INFO: [ view_filter ] --START--
INFO: Run Behavior\WriteHtmlCacheBehavior [ RunTime:0.001133s ]
INFO: [ view_filter ] --END-- [ RunTime:0.001758s ]
INFO: [ app_end ] --START--
INFO: Run Behavior\ShowPageTraceBehavior [ RunTime:0.002099s ]
INFO: [ app_end ] --END-- [ RunTime:0.002613s ]

[ 2016-10-03T09:59:42+08:00 ] ::1 /myblog/index.php/Home/Me/img/1.jpg
INFO: [ app_init ] --START--
INFO: Run Behavior\BuildLiteBehavior [ RunTime:0.000094s ]
INFO: [ app_init ] --END-- [ RunTime:0.001689s ]

[ 2016-10-03T09:59:45+08:00 ] ::1 /myblog/index.php/Home/Liuyan/index.html
INFO: [ app_init ] --START--
INFO: Run Behavior\BuildLiteBehavior [ RunTime:0.000134s ]
INFO: [ app_init ] --END-- [ RunTime:0.001906s ]
INFO: [ app_begin ] --START--
INFO: Run Behavior\ReadHtmlCacheBehavior [ RunTime:0.002014s ]
INFO: [ app_begin ] --END-- [ RunTime:0.002939s ]
SQL: SHOW COLUMNS FROM `article_list` [ RunTime:0.0246s ]
SQL: SELECT * FROM `article_list` WHERE `id` = 1 LIMIT 1   [ RunTime:0.0013s ]
INFO: [ view_parse ] --START--
INFO: [ template_filter ] --START--
INFO: Run Behavior\ContentReplaceBehavior [ RunTime:0.000795s ]
INFO: [ template_filter ] --END-- [ RunTime:0.001479s ]
INFO: Run Behavior\ParseTemplateBehavior [ RunTime:0.140295s ]
INFO: [ view_parse ] --END-- [ RunTime:0.140908s ]
INFO: [ view_filter ] --START--
INFO: Run Behavior\WriteHtmlCacheBehavior [ RunTime:0.001082s ]
INFO: [ view_filter ] --END-- [ RunTime:0.001698s ]
INFO: [ app_end ] --START--
INFO: Run Behavior\ShowPageTraceBehavior [ RunTime:0.002815s ]
INFO: [ app_end ] --END-- [ RunTime:0.003563s ]

[ 2016-10-03T09:59:45+08:00 ] ::1 /myblog/index.php/Home/Liuyan/img/1.jpg
INFO: [ app_init ] --START--
INFO: Run Behavior\BuildLiteBehavior [ RunTime:0.000077s ]
INFO: [ app_init ] --END-- [ RunTime:0.001483s ]

[ 2016-10-03T10:05:40+08:00 ] ::1 /myblog/index.php/Home/Liuyan/index.html
INFO: [ app_init ] --START--
INFO: Run Behavior\BuildLiteBehavior [ RunTime:0.000129s ]
INFO: [ app_init ] --END-- [ RunTime:0.001956s ]
INFO: [ app_begin ] --START--
INFO: Run Behavior\ReadHtmlCacheBehavior [ RunTime:0.002126s ]
INFO: [ app_begin ] --END-- [ RunTime:0.002754s ]
SQL: SHOW COLUMNS FROM `article_list` [ RunTime:0.0336s ]
SQL: SELECT * FROM `article_list` WHERE `id` = 1 LIMIT 1   [ RunTime:0.0015s ]
INFO: [ view_parse ] --START--
INFO: [ template_filter ] --START--
INFO: Run Behavior\ContentReplaceBehavior [ RunTime:0.000690s ]
INFO: [ template_filter ] --END-- [ RunTime:0.001403s ]
INFO: Run Behavior\ParseTemplateBehavior [ RunTime:0.077405s ]
INFO: [ view_parse ] --END-- [ RunTime:0.078400s ]
INFO: [ view_filter ] --START--
INFO: Run Behavior\WriteHtmlCacheBehavior [ RunTime:0.001591s ]
INFO: [ view_filter ] --END-- [ RunTime:0.002199s ]
INFO: [ app_end ] --START--
INFO: Run Behavior\ShowPageTraceBehavior [ RunTime:0.003968s ]
INFO: [ app_end ] --END-- [ RunTime:0.006242s ]

[ 2016-10-03T10:05:40+08:00 ] ::1 /myblog/index.php/Home/Liuyan/img/1.jpg
INFO: [ app_init ] --START--
INFO: Run Behavior\BuildLiteBehavior [ RunTime:0.000147s ]
INFO: [ app_init ] --END-- [ RunTime:0.001587s ]

[ 2016-10-03T10:05:48+08:00 ] ::1 /myblog/index.php/Home/List/index.html
INFO: [ app_init ] --START--
INFO: Run Behavior\BuildLiteBehavior [ RunTime:0.000077s ]
INFO: [ app_init ] --END-- [ RunTime:0.001613s ]
INFO: [ app_begin ] --START--
INFO: Run Behavior\ReadHtmlCacheBehavior [ RunTime:0.002771s ]
INFO: [ app_begin ] --END-- [ RunTime:0.003503s ]
SQL: SHOW COLUMNS FROM `article_list` [ RunTime:0.0245s ]
SQL: SELECT * FROM `article_list` WHERE `id` = 1 LIMIT 1   [ RunTime:0.0012s ]
INFO: [ view_parse ] --START--
INFO: [ template_filter ] --START--
INFO: Run Behavior\ContentReplaceBehavior [ RunTime:0.000734s ]
INFO: [ template_filter ] --END-- [ RunTime:0.001264s ]
INFO: Run Behavior\ParseTemplateBehavior [ RunTime:0.064630s ]
INFO: [ view_parse ] --END-- [ RunTime:0.065365s ]
INFO: [ view_filter ] --START--
INFO: Run Behavior\WriteHtmlCacheBehavior [ RunTime:0.001616s ]
INFO: [ view_filter ] --END-- [ RunTime:0.002505s ]
INFO: [ app_end ] --START--
INFO: Run Behavior\ShowPageTraceBehavior [ RunTime:0.002570s ]
INFO: [ app_end ] --END-- [ RunTime:0.003211s ]

[ 2016-10-03T10:06:22+08:00 ] ::1 /myblog/index.php/Home/Example/index.html
INFO: [ app_init ] --START--
INFO: Run Behavior\BuildLiteBehavior [ RunTime:0.000130s ]
INFO: [ app_init ] --END-- [ RunTime:0.001793s ]
INFO: [ app_begin ] --START--
INFO: Run Behavior\ReadHtmlCacheBehavior [ RunTime:0.002435s ]
INFO: [ app_begin ] --END-- [ RunTime:0.003210s ]
SQL: SHOW COLUMNS FROM `article_list` [ RunTime:0.0231s ]
SQL: SELECT * FROM `article_list` WHERE `id` = 1 LIMIT 1   [ RunTime:0.0012s ]
INFO: [ view_parse ] --START--
INFO: [ template_filter ] --START--
INFO: Run Behavior\ContentReplaceBehavior [ RunTime:0.000593s ]
INFO: [ template_filter ] --END-- [ RunTime:0.001113s ]
INFO: Run Behavior\ParseTemplateBehavior [ RunTime:0.052526s ]
INFO: [ view_parse ] --END-- [ RunTime:0.053135s ]
INFO: [ view_filter ] --START--
INFO: Run Behavior\WriteHtmlCacheBehavior [ RunTime:0.000970s ]
INFO: [ view_filter ] --END-- [ RunTime:0.001426s ]
INFO: [ app_end ] --START--
INFO: Run Behavior\ShowPageTraceBehavior [ RunTime:0.002193s ]
INFO: [ app_end ] --END-- [ RunTime:0.002738s ]

[ 2016-10-03T10:08:55+08:00 ] ::1 /myblog/index.php/Home/Me/index.html
INFO: [ app_init ] --START--
INFO: Run Behavior\BuildLiteBehavior [ RunTime:0.000172s ]
INFO: [ app_init ] --END-- [ RunTime:0.002067s ]
INFO: [ app_begin ] --START--
INFO: Run Behavior\ReadHtmlCacheBehavior [ RunTime:0.002089s ]
INFO: [ app_begin ] --END-- [ RunTime:0.002557s ]
SQL: SHOW COLUMNS FROM `article_list` [ RunTime:0.0261s ]
SQL: SELECT * FROM `article_list` WHERE `id` = 1 LIMIT 1   [ RunTime:0.0013s ]
INFO: [ view_parse ] --START--
INFO: [ template_filter ] --START--
INFO: Run Behavior\ContentReplaceBehavior [ RunTime:0.000403s ]
INFO: [ template_filter ] --END-- [ RunTime:0.000803s ]
INFO: Run Behavior\ParseTemplateBehavior [ RunTime:0.052931s ]
INFO: [ view_parse ] --END-- [ RunTime:0.053879s ]
INFO: [ view_filter ] --START--
INFO: Run Behavior\WriteHtmlCacheBehavior [ RunTime:0.001731s ]
INFO: [ view_filter ] --END-- [ RunTime:0.002382s ]
INFO: [ app_end ] --START--
INFO: Run Behavior\ShowPageTraceBehavior [ RunTime:0.002291s ]
INFO: [ app_end ] --END-- [ RunTime:0.002938s ]

[ 2016-10-03T10:08:55+08:00 ] ::1 /myblog/index.php/Home/Me/img/1.jpg
INFO: [ app_init ] --START--
INFO: Run Behavior\BuildLiteBehavior [ RunTime:0.000076s ]
INFO: [ app_init ] --END-- [ RunTime:0.001219s ]

[ 2016-10-03T10:17:39+08:00 ] ::1 /myblog/index.php/Home/Me/index.html
INFO: [ app_init ] --START--
INFO: Run Behavior\BuildLiteBehavior [ RunTime:0.000159s ]
INFO: [ app_init ] --END-- [ RunTime:0.003199s ]
INFO: [ app_begin ] --START--
INFO: Run Behavior\ReadHtmlCacheBehavior [ RunTime:0.002499s ]
INFO: [ app_begin ] --END-- [ RunTime:0.003375s ]
SQL: SHOW COLUMNS FROM `article_list` [ RunTime:0.0222s ]
SQL: SELECT * FROM `article_list` WHERE `id` = 1 LIMIT 1   [ RunTime:0.0012s ]
INFO: [ view_parse ] --START--
INFO: [ template_filter ] --START--
INFO: Run Behavior\ContentReplaceBehavior [ RunTime:0.000570s ]
INFO: [ template_filter ] --END-- [ RunTime:0.001105s ]
INFO: Run Behavior\ParseTemplateBehavior [ RunTime:0.054198s ]
INFO: [ view_parse ] --END-- [ RunTime:0.054930s ]
INFO: [ view_filter ] --START--
INFO: Run Behavior\WriteHtmlCacheBehavior [ RunTime:0.001467s ]
INFO: [ view_filter ] --END-- [ RunTime:0.002079s ]
INFO: [ app_end ] --START--
INFO: Run Behavior\ShowPageTraceBehavior [ RunTime:0.002496s ]
INFO: [ app_end ] --END-- [ RunTime:0.003175s ]

[ 2016-10-03T10:17:40+08:00 ] ::1 /myblog/index.php/Home/Me/img/1.jpg
INFO: [ app_init ] --START--
INFO: Run Behavior\BuildLiteBehavior [ RunTime:0.000123s ]
INFO: [ app_init ] --END-- [ RunTime:0.001856s ]

[ 2016-10-03T10:17:47+08:00 ] ::1 /myblog/index.php/Home/List/index.html
INFO: [ app_init ] --START--
INFO: Run Behavior\BuildLiteBehavior [ RunTime:0.000132s ]
INFO: [ app_init ] --END-- [ RunTime:0.001968s ]
INFO: [ app_begin ] --START--
INFO: Run Behavior\ReadHtmlCacheBehavior [ RunTime:0.003129s ]
INFO: [ app_begin ] --END-- [ RunTime:0.003668s ]
SQL: SHOW COLUMNS FROM `article_list` [ RunTime:0.0281s ]
SQL: SELECT * FROM `article_list` WHERE `id` = 1 LIMIT 1   [ RunTime:0.0009s ]
INFO: [ view_parse ] --START--
INFO: [ template_filter ] --START--
INFO: Run Behavior\ContentReplaceBehavior [ RunTime:0.000890s ]
INFO: [ template_filter ] --END-- [ RunTime:0.001555s ]
INFO: Run Behavior\ParseTemplateBehavior [ RunTime:0.120954s ]
INFO: [ view_parse ] --END-- [ RunTime:0.121636s ]
INFO: [ view_filter ] --START--
INFO: Run Behavior\WriteHtmlCacheBehavior [ RunTime:0.001347s ]
INFO: [ view_filter ] --END-- [ RunTime:0.001973s ]
INFO: [ app_end ] --START--
INFO: Run Behavior\ShowPageTraceBehavior [ RunTime:0.002428s ]
INFO: [ app_end ] --END-- [ RunTime:0.003040s ]

[ 2016-10-03T10:26:09+08:00 ] ::1 /myblog/index.php/Home/List/index.html
INFO: [ app_init ] --START--
INFO: Run Behavior\BuildLiteBehavior [ RunTime:0.000076s ]
INFO: [ app_init ] --END-- [ RunTime:0.001263s ]
INFO: [ app_begin ] --START--
INFO: Run Behavior\ReadHtmlCacheBehavior [ RunTime:0.002548s ]
INFO: [ app_begin ] --END-- [ RunTime:0.003205s ]
SQL: SHOW COLUMNS FROM `article_list` [ RunTime:0.0256s ]
SQL: SELECT * FROM `article_list` WHERE `id` = 1 LIMIT 1   [ RunTime:0.0022s ]
INFO: [ view_parse ] --START--
INFO: [ template_filter ] --START--
INFO: Run Behavior\ContentReplaceBehavior [ RunTime:0.000521s ]
INFO: [ template_filter ] --END-- [ RunTime:0.001112s ]
INFO: Run Behavior\ParseTemplateBehavior [ RunTime:0.118831s ]
INFO: [ view_parse ] --END-- [ RunTime:0.119347s ]
INFO: [ view_filter ] --START--
INFO: Run Behavior\WriteHtmlCacheBehavior [ RunTime:0.000920s ]
INFO: [ view_filter ] --END-- [ RunTime:0.001266s ]
INFO: [ app_end ] --START--
INFO: Run Behavior\ShowPageTraceBehavior [ RunTime:0.003822s ]
INFO: [ app_end ] --END-- [ RunTime:0.004795s ]

[ 2016-10-03T10:26:17+08:00 ] ::1 /myblog/index.php/Home/Example/index.html
INFO: [ app_init ] --START--
INFO: Run Behavior\BuildLiteBehavior [ RunTime:0.000139s ]
INFO: [ app_init ] --END-- [ RunTime:0.002024s ]
INFO: [ app_begin ] --START--
INFO: Run Behavior\ReadHtmlCacheBehavior [ RunTime:0.003233s ]
INFO: [ app_begin ] --END-- [ RunTime:0.004114s ]
SQL: SHOW COLUMNS FROM `article_list` [ RunTime:0.0250s ]
SQL: SELECT * FROM `article_list` WHERE `id` = 1 LIMIT 1   [ RunTime:0.0011s ]
INFO: [ view_parse ] --START--
INFO: [ template_filter ] --START--
INFO: Run Behavior\ContentReplaceBehavior [ RunTime:0.000357s ]
INFO: [ template_filter ] --END-- [ RunTime:0.000759s ]
INFO: Run Behavior\ParseTemplateBehavior [ RunTime:0.055831s ]
INFO: [ view_parse ] --END-- [ RunTime:0.056371s ]
INFO: [ view_filter ] --START--
INFO: Run Behavior\WriteHtmlCacheBehavior [ RunTime:0.001989s ]
INFO: [ view_filter ] --END-- [ RunTime:0.002670s ]
INFO: [ app_end ] --START--
INFO: Run Behavior\ShowPageTraceBehavior [ RunTime:0.002343s ]
INFO: [ app_end ] --END-- [ RunTime:0.003873s ]

[ 2016-10-03T10:26:22+08:00 ] ::1 /myblog/index.php/Home/List/index.html
INFO: [ app_init ] --START--
INFO: Run Behavior\BuildLiteBehavior [ RunTime:0.000132s ]
INFO: [ app_init ] --END-- [ RunTime:0.001889s ]
INFO: [ app_begin ] --START--
INFO: Run Behavior\ReadHtmlCacheBehavior [ RunTime:0.001832s ]
INFO: [ app_begin ] --END-- [ RunTime:0.002553s ]
SQL: SHOW COLUMNS FROM `article_list` [ RunTime:0.0281s ]
SQL: SELECT * FROM `article_list` WHERE `id` = 1 LIMIT 1   [ RunTime:0.0011s ]
INFO: [ view_parse ] --START--
INFO: [ template_filter ] --START--
INFO: Run Behavior\ContentReplaceBehavior [ RunTime:0.000860s ]
INFO: [ template_filter ] --END-- [ RunTime:0.001626s ]
INFO: Run Behavior\ParseTemplateBehavior [ RunTime:0.061459s ]
INFO: [ view_parse ] --END-- [ RunTime:0.062136s ]
INFO: [ view_filter ] --START--
INFO: Run Behavior\WriteHtmlCacheBehavior [ RunTime:0.001763s ]
INFO: [ view_filter ] --END-- [ RunTime:0.002416s ]
INFO: [ app_end ] --START--
INFO: Run Behavior\ShowPageTraceBehavior [ RunTime:0.002752s ]
INFO: [ app_end ] --END-- [ RunTime:0.003384s ]

[ 2016-10-03T10:26:25+08:00 ] ::1 /myblog/index.php/Home/Index/index.html
INFO: [ app_init ] --START--
INFO: Run Behavior\BuildLiteBehavior [ RunTime:0.000141s ]
INFO: [ app_init ] --END-- [ RunTime:0.001883s ]
INFO: [ app_begin ] --START--
INFO: Run Behavior\ReadHtmlCacheBehavior [ RunTime:0.001810s ]
INFO: [ app_begin ] --END-- [ RunTime:0.002504s ]
SQL: SHOW COLUMNS FROM `article_list` [ RunTime:0.0229s ]
SQL: SELECT * FROM `article_list` WHERE `id` = 1 LIMIT 1   [ RunTime:0.0011s ]
INFO: [ view_parse ] --START--
INFO: [ template_filter ] --START--
INFO: Run Behavior\ContentReplaceBehavior [ RunTime:0.000910s ]
INFO: [ template_filter ] --END-- [ RunTime:0.001622s ]
INFO: Run Behavior\ParseTemplateBehavior [ RunTime:0.056190s ]
INFO: [ view_parse ] --END-- [ RunTime:0.056685s ]
INFO: [ view_filter ] --START--
INFO: Run Behavior\WriteHtmlCacheBehavior [ RunTime:0.000910s ]
INFO: [ view_filter ] --END-- [ RunTime:0.001441s ]
INFO: [ app_end ] --START--
INFO: Run Behavior\ShowPageTraceBehavior [ RunTime:0.004182s ]
INFO: [ app_end ] --END-- [ RunTime:0.004978s ]

[ 2016-10-03T10:31:59+08:00 ] ::1 /myblog/index.php/Home/List/index.html
INFO: [ app_init ] --START--
INFO: Run Behavior\BuildLiteBehavior [ RunTime:0.000123s ]
INFO: [ app_init ] --END-- [ RunTime:0.001614s ]
INFO: [ app_begin ] --START--
INFO: Run Behavior\ReadHtmlCacheBehavior [ RunTime:0.001778s ]
INFO: [ app_begin ] --END-- [ RunTime:0.002440s ]
SQL: SHOW COLUMNS FROM `article_list` [ RunTime:0.0251s ]
SQL: SELECT * FROM `article_list` WHERE `id` = 1 LIMIT 1   [ RunTime:0.0019s ]
INFO: [ view_parse ] --START--
INFO: [ template_filter ] --START--
INFO: Run Behavior\ContentReplaceBehavior [ RunTime:0.000809s ]
INFO: [ template_filter ] --END-- [ RunTime:0.001492s ]
INFO: Run Behavior\ParseTemplateBehavior [ RunTime:0.129371s ]
INFO: [ view_parse ] --END-- [ RunTime:0.130055s ]
INFO: [ view_filter ] --START--
INFO: Run Behavior\WriteHtmlCacheBehavior [ RunTime:0.001408s ]
INFO: [ view_filter ] --END-- [ RunTime:0.002867s ]
INFO: [ app_end ] --START--
INFO: Run Behavior\ShowPageTraceBehavior [ RunTime:0.002189s ]
INFO: [ app_end ] --END-- [ RunTime:0.002726s ]

[ 2016-10-03T10:32:09+08:00 ] ::1 /myblog/index.php/Home/Example/index.html
INFO: [ app_init ] --START--
INFO: Run Behavior\BuildLiteBehavior [ RunTime:0.000151s ]
INFO: [ app_init ] --END-- [ RunTime:0.001778s ]
INFO: [ app_begin ] --START--
INFO: Run Behavior\ReadHtmlCacheBehavior [ RunTime:0.002999s ]
INFO: [ app_begin ] --END-- [ RunTime:0.003690s ]
SQL: SHOW COLUMNS FROM `article_list` [ RunTime:0.0270s ]
SQL: SELECT * FROM `article_list` WHERE `id` = 1 LIMIT 1   [ RunTime:0.0010s ]
INFO: [ view_parse ] --START--
INFO: [ template_filter ] --START--
INFO: Run Behavior\ContentReplaceBehavior [ RunTime:0.000509s ]
INFO: [ template_filter ] --END-- [ RunTime:0.001162s ]
INFO: Run Behavior\ParseTemplateBehavior [ RunTime:0.051774s ]
INFO: [ view_parse ] --END-- [ RunTime:0.052147s ]
INFO: [ view_filter ] --START--
INFO: Run Behavior\WriteHtmlCacheBehavior [ RunTime:0.000781s ]
INFO: [ view_filter ] --END-- [ RunTime:0.001191s ]
INFO: [ app_end ] --START--
INFO: Run Behavior\ShowPageTraceBehavior [ RunTime:0.003047s ]
INFO: [ app_end ] --END-- [ RunTime:0.003686s ]

[ 2016-10-03T10:52:20+08:00 ] ::1 /myblog/index.php/Home/Example/index.html
INFO: [ app_init ] --START--
INFO: Run Behavior\BuildLiteBehavior [ RunTime:0.000093s ]
INFO: [ app_init ] --END-- [ RunTime:0.001534s ]
INFO: [ app_begin ] --START--
INFO: Run Behavior\ReadHtmlCacheBehavior [ RunTime:0.002084s ]
INFO: [ app_begin ] --END-- [ RunTime:0.002817s ]
SQL: SHOW COLUMNS FROM `article_list` [ RunTime:0.0320s ]
SQL: SELECT * FROM `article_list` WHERE `id` = 1 LIMIT 1   [ RunTime:0.0012s ]
INFO: [ view_parse ] --START--
INFO: [ template_filter ] --START--
INFO: Run Behavior\ContentReplaceBehavior [ RunTime:0.000466s ]
INFO: [ template_filter ] --END-- [ RunTime:0.001056s ]
INFO: Run Behavior\ParseTemplateBehavior [ RunTime:0.058227s ]
INFO: [ view_parse ] --END-- [ RunTime:0.058931s ]
INFO: [ view_filter ] --START--
INFO: Run Behavior\WriteHtmlCacheBehavior [ RunTime:0.002151s ]
INFO: [ view_filter ] --END-- [ RunTime:0.002797s ]
INFO: [ app_end ] --START--
INFO: Run Behavior\ShowPageTraceBehavior [ RunTime:0.003107s ]
INFO: [ app_end ] --END-- [ RunTime:0.003941s ]

[ 2016-10-03T10:52:25+08:00 ] ::1 /myblog/index.php/Home/Workday/index.html
INFO: [ app_init ] --START--
INFO: Run Behavior\BuildLiteBehavior [ RunTime:0.000093s ]
INFO: [ app_init ] --END-- [ RunTime:0.001491s ]
INFO: [ app_begin ] --START--
INFO: Run Behavior\ReadHtmlCacheBehavior [ RunTime:0.001370s ]
INFO: [ app_begin ] --END-- [ RunTime:0.001990s ]
SQL: SHOW COLUMNS FROM `article_list` [ RunTime:0.0264s ]
SQL: SELECT * FROM `article_list` WHERE `id` = 1 LIMIT 1   [ RunTime:0.0011s ]
INFO: [ view_parse ] --START--
INFO: [ template_filter ] --START--
INFO: Run Behavior\ContentReplaceBehavior [ RunTime:0.000554s ]
INFO: [ template_filter ] --END-- [ RunTime:0.001227s ]
INFO: Run Behavior\ParseTemplateBehavior [ RunTime:0.056703s ]
INFO: [ view_parse ] --END-- [ RunTime:0.057693s ]
INFO: [ view_filter ] --START--
INFO: Run Behavior\WriteHtmlCacheBehavior [ RunTime:0.000777s ]
INFO: [ view_filter ] --END-- [ RunTime:0.001133s ]
INFO: [ app_end ] --START--
INFO: Run Behavior\ShowPageTraceBehavior [ RunTime:0.003541s ]
INFO: [ app_end ] --END-- [ RunTime:0.004297s ]

[ 2016-10-03T10:52:35+08:00 ] ::1 /myblog/index.php/Home/Liuyan/index.html
INFO: [ app_init ] --START--
INFO: Run Behavior\BuildLiteBehavior [ RunTime:0.000121s ]
INFO: [ app_init ] --END-- [ RunTime:0.001693s ]
INFO: [ app_begin ] --START--
INFO: Run Behavior\ReadHtmlCacheBehavior [ RunTime:0.002537s ]
INFO: [ app_begin ] --END-- [ RunTime:0.003307s ]
SQL: SHOW COLUMNS FROM `article_list` [ RunTime:0.0220s ]
SQL: SELECT * FROM `article_list` WHERE `id` = 1 LIMIT 1   [ RunTime:0.0012s ]
INFO: [ view_parse ] --START--
INFO: [ template_filter ] --START--
INFO: Run Behavior\ContentReplaceBehavior [ RunTime:0.000641s ]
INFO: [ template_filter ] --END-- [ RunTime:0.001336s ]
INFO: Run Behavior\ParseTemplateBehavior [ RunTime:0.060146s ]
INFO: [ view_parse ] --END-- [ RunTime:0.060931s ]
INFO: [ view_filter ] --START--
INFO: Run Behavior\WriteHtmlCacheBehavior [ RunTime:0.001835s ]
INFO: [ view_filter ] --END-- [ RunTime:0.002681s ]
INFO: [ app_end ] --START--
INFO: Run Behavior\ShowPageTraceBehavior [ RunTime:0.002383s ]
INFO: [ app_end ] --END-- [ RunTime:0.003034s ]

[ 2016-10-03T10:52:35+08:00 ] ::1 /myblog/index.php/Home/Liuyan/img/1.jpg
INFO: [ app_init ] --START--
INFO: Run Behavior\BuildLiteBehavior [ RunTime:0.000076s ]
INFO: [ app_init ] --END-- [ RunTime:0.001796s ]

[ 2016-10-03T10:52:39+08:00 ] ::1 /myblog/index.php/Home/Me/index.html
INFO: [ app_init ] --START--
INFO: Run Behavior\BuildLiteBehavior [ RunTime:0.000075s ]
INFO: [ app_init ] --END-- [ RunTime:0.001118s ]
INFO: [ app_begin ] --START--
INFO: Run Behavior\ReadHtmlCacheBehavior [ RunTime:0.002052s ]
INFO: [ app_begin ] --END-- [ RunTime:0.002678s ]
SQL: SHOW COLUMNS FROM `article_list` [ RunTime:0.0215s ]
SQL: SELECT * FROM `article_list` WHERE `id` = 1 LIMIT 1   [ RunTime:0.0011s ]
INFO: [ view_parse ] --START--
INFO: [ template_filter ] --START--
INFO: Run Behavior\ContentReplaceBehavior [ RunTime:0.000383s ]
INFO: [ template_filter ] --END-- [ RunTime:0.000884s ]
INFO: Run Behavior\ParseTemplateBehavior [ RunTime:0.049706s ]
INFO: [ view_parse ] --END-- [ RunTime:0.050337s ]
INFO: [ view_filter ] --START--
INFO: Run Behavior\WriteHtmlCacheBehavior [ RunTime:0.001161s ]
INFO: [ view_filter ] --END-- [ RunTime:0.001819s ]
INFO: [ app_end ] --START--
INFO: Run Behavior\ShowPageTraceBehavior [ RunTime:0.003158s ]
INFO: [ app_end ] --END-- [ RunTime:0.003849s ]

[ 2016-10-03T10:52:40+08:00 ] ::1 /myblog/index.php/Home/Me/img/1.jpg
INFO: [ app_init ] --START--
INFO: Run Behavior\BuildLiteBehavior [ RunTime:0.000074s ]
INFO: [ app_init ] --END-- [ RunTime:0.001099s ]

[ 2016-10-03T10:59:41+08:00 ] ::1 /myblog/index.php/Home/Me/index.html
INFO: [ app_init ] --START--
INFO: Run Behavior\BuildLiteBehavior [ RunTime:0.000075s ]
INFO: [ app_init ] --END-- [ RunTime:0.001267s ]
INFO: [ app_begin ] --START--
INFO: Run Behavior\ReadHtmlCacheBehavior [ RunTime:0.002185s ]
INFO: [ app_begin ] --END-- [ RunTime:0.002902s ]
ERR: SQLSTATE[HY000] [1045] Access denied for user 'rbrbeatx'@'localhost' (using password: YES)

[ 2016-10-03T11:04:07+08:00 ] ::1 /myblog/index.php/Home/Me/index.html
INFO: [ app_init ] --START--
INFO: Run Behavior\BuildLiteBehavior [ RunTime:0.000091s ]
INFO: [ app_init ] --END-- [ RunTime:0.001948s ]
INFO: [ app_begin ] --START--
INFO: Run Behavior\ReadHtmlCacheBehavior [ RunTime:0.001518s ]
INFO: [ app_begin ] --END-- [ RunTime:0.001921s ]
SQL: SHOW COLUMNS FROM `article_list` [ RunTime:0.0826s ]
SQL: SELECT * FROM `article_list` WHERE `id` = 1 LIMIT 1   [ RunTime:0.0010s ]
INFO: [ view_parse ] --START--
INFO: [ template_filter ] --START--
INFO: Run Behavior\ContentReplaceBehavior [ RunTime:0.000411s ]
INFO: [ template_filter ] --END-- [ RunTime:0.000780s ]
INFO: Run Behavior\ParseTemplateBehavior [ RunTime:0.041887s ]
INFO: [ view_parse ] --END-- [ RunTime:0.042364s ]
INFO: [ view_filter ] --START--
INFO: Run Behavior\WriteHtmlCacheBehavior [ RunTime:0.000835s ]
INFO: [ view_filter ] --END-- [ RunTime:0.001152s ]
INFO: [ app_end ] --START--
INFO: Run Behavior\ShowPageTraceBehavior [ RunTime:0.002353s ]
INFO: [ app_end ] --END-- [ RunTime:0.002874s ]

[ 2016-10-03T11:04:08+08:00 ] ::1 /myblog/index.php/Home/Me/img/1.jpg
INFO: [ app_init ] --START--
INFO: Run Behavior\BuildLiteBehavior [ RunTime:0.000120s ]
INFO: [ app_init ] --END-- [ RunTime:0.001782s ]

[ 2016-10-03T11:04:13+08:00 ] ::1 /myblog/index.php/Home/Workday/index.html
INFO: [ app_init ] --START--
INFO: Run Behavior\BuildLiteBehavior [ RunTime:0.000129s ]
INFO: [ app_init ] --END-- [ RunTime:0.001790s ]
INFO: [ app_begin ] --START--
INFO: Run Behavior\ReadHtmlCacheBehavior [ RunTime:0.003302s ]
INFO: [ app_begin ] --END-- [ RunTime:0.004078s ]
SQL: SHOW COLUMNS FROM `article_list` [ RunTime:0.0328s ]
SQL: SELECT * FROM `article_list` WHERE `id` = 1 LIMIT 1   [ RunTime:0.0012s ]
INFO: [ view_parse ] --START--
INFO: [ template_filter ] --START--
INFO: Run Behavior\ContentReplaceBehavior [ RunTime:0.000895s ]
INFO: [ template_filter ] --END-- [ RunTime:0.001600s ]
INFO: Run Behavior\ParseTemplateBehavior [ RunTime:0.061407s ]
INFO: [ view_parse ] --END-- [ RunTime:0.061970s ]
INFO: [ view_filter ] --START--
INFO: Run Behavior\WriteHtmlCacheBehavior [ RunTime:0.001390s ]
INFO: [ view_filter ] --END-- [ RunTime:0.001860s ]
INFO: [ app_end ] --START--
INFO: Run Behavior\ShowPageTraceBehavior [ RunTime:0.002265s ]
INFO: [ app_end ] --END-- [ RunTime:0.002690s ]

[ 2016-10-03T11:04:51+08:00 ] ::1 /myblog/index.php/Home/Workday/index.html
INFO: [ app_init ] --START--
INFO: Run Behavior\BuildLiteBehavior [ RunTime:0.000080s ]
INFO: [ app_init ] --END-- [ RunTime:0.001131s ]
INFO: [ app_begin ] --START--
INFO: Run Behavior\ReadHtmlCacheBehavior [ RunTime:0.001792s ]
INFO: [ app_begin ] --END-- [ RunTime:0.002398s ]
SQL: SHOW COLUMNS FROM `article_list` [ RunTime:0.0251s ]
SQL: SELECT * FROM `article_list` WHERE `id` = 1 LIMIT 1   [ RunTime:0.0011s ]
INFO: [ view_parse ] --START--
INFO: [ template_filter ] --START--
INFO: Run Behavior\ContentReplaceBehavior [ RunTime:0.000427s ]
INFO: [ template_filter ] --END-- [ RunTime:0.000808s ]
INFO: Run Behavior\ParseTemplateBehavior [ RunTime:0.050975s ]
INFO: [ view_parse ] --END-- [ RunTime:0.051619s ]
INFO: [ view_filter ] --START--
INFO: Run Behavior\WriteHtmlCacheBehavior [ RunTime:0.001028s ]
INFO: [ view_filter ] --END-- [ RunTime:0.001665s ]
INFO: [ app_end ] --START--
INFO: Run Behavior\ShowPageTraceBehavior [ RunTime:0.003214s ]
INFO: [ app_end ] --END-- [ RunTime:0.004183s ]

